"Task Aware Debugger for GDB" version 11.5.0 (202112141049)
(c) 2016-2021 NXP Semiconductors, Inc.
==================================
20:41:33.39 INFO: [TadModel] DSF session ID 6 has started.
20:41:36.610 INFO: [TadModel] DSF session ID 7 has started.
20:41:40.143 INFO: [TadState] TAD state changed: DEBUG_STARTED -> DEBUG_INIT_0 (SUSPENDED, USER_REQUEST)
20:41:40.242 INFO: [TadState] TAD state changed: DEBUG_INIT_0 -> DEBUG_INIT_1 (SUSPENDED, USER_REQUEST)
20:41:42.358 INFO: [TadState] TAD state changed: DEBUG_INIT_1 -> DEBUG_SUSPENDED (RESUMED, USER_REQUEST)
20:41:42.392 INFO: [TadState] TAD state changed: DEBUG_SUSPENDED -> DEBUG_SUSPENDED (SUSPENDED, BREAKPOINT)
20:41:52.337 INFO: [TadState] TAD state changed: DEBUG_SUSPENDED -> DEBUG_RESUMED (RESUMED, STEP)
20:41:52.367 INFO: [TadState] TAD state changed: DEBUG_RESUMED -> READY (SUSPENDED, STEP)
20:41:57.870 INFO: [TadState] TAD state changed: READY -> DEBUG_RESUMED (RESUMED, STEP)
20:41:58.222 INFO: [TadState] TAD state changed: DEBUG_RESUMED -> READY (SUSPENDED, STEP)
20:41:59.104 INFO: [TadState] TAD state changed: READY -> DEBUG_RESUMED (RESUMED, STEP)
20:41:59.111 INFO: [TadState] TAD state changed: DEBUG_RESUMED -> READY (SUSPENDED, STEP)
20:41:59.653 INFO: [TadState] TAD state changed: READY -> DEBUG_RESUMED (RESUMED, STEP)
20:41:59.659 INFO: [TadState] TAD state changed: DEBUG_RESUMED -> READY (SUSPENDED, STEP)
20:42:00.56 INFO: [TadState] TAD state changed: READY -> DEBUG_RESUMED (RESUMED, STEP)
20:42:00.64 INFO: [TadState] TAD state changed: DEBUG_RESUMED -> READY (SUSPENDED, STEP)
20:42:00.792 INFO: [TadState] TAD state changed: READY -> DEBUG_RESUMED (RESUMED, STEP)
20:42:00.817 INFO: [TadState] TAD state changed: DEBUG_RESUMED -> READY (SUSPENDED, STEP)
20:42:03.669 INFO: [TadState] TAD state changed: READY -> DEBUG_RESUMED (RESUMED, STEP)
20:42:04.111 INFO: [TadState] TAD state changed: DEBUG_RESUMED -> READY (SUSPENDED, STEP)
20:42:08.275 INFO: [TadState] TAD state changed: READY -> DEBUG_RESUMED (RESUMED, STEP)
20:42:08.598 INFO: [TadState] TAD state changed: DEBUG_RESUMED -> READY (SUSPENDED, STEP)
20:44:44.382 INFO: [TadState] TAD state changed: READY -> DEBUG_RESUMED (RESUMED, STEP)
20:44:44.414 INFO: [TadState] TAD state changed: DEBUG_RESUMED -> READY (SUSPENDED, STEP)
20:44:45.121 INFO: [TadState] TAD state changed: READY -> DEBUG_RESUMED (RESUMED, STEP)
20:44:45.149 INFO: [TadState] TAD state changed: DEBUG_RESUMED -> READY (SUSPENDED, STEP)
20:44:45.816 INFO: [TadState] TAD state changed: READY -> DEBUG_RESUMED (RESUMED, STEP)
20:44:45.973 INFO: [TadState] TAD state changed: DEBUG_RESUMED -> READY (SUSPENDED, STEP)
20:44:46.758 INFO: [TadState] TAD state changed: READY -> DEBUG_RESUMED (RESUMED, STEP)
20:44:46.789 INFO: [TadState] TAD state changed: DEBUG_RESUMED -> READY (SUSPENDED, STEP)
20:44:47.443 INFO: [TadState] TAD state changed: READY -> DEBUG_RESUMED (RESUMED, STEP)
20:44:47.489 INFO: [TadState] TAD state changed: DEBUG_RESUMED -> READY (SUSPENDED, STEP)
20:44:48.104 INFO: [TadState] TAD state changed: READY -> DEBUG_RESUMED (RESUMED, STEP)
20:44:48.135 INFO: [TadState] TAD state changed: DEBUG_RESUMED -> READY (SUSPENDED, STEP)
20:44:48.754 INFO: [TadState] TAD state changed: READY -> DEBUG_RESUMED (RESUMED, STEP)
20:44:48.789 INFO: [TadState] TAD state changed: DEBUG_RESUMED -> READY (SUSPENDED, STEP)
20:44:49.413 INFO: [TadState] TAD state changed: READY -> DEBUG_RESUMED (RESUMED, STEP)
20:44:49.441 INFO: [TadState] TAD state changed: DEBUG_RESUMED -> READY (SUSPENDED, STEP)
20:44:50.156 INFO: [TadState] TAD state changed: READY -> DEBUG_RESUMED (RESUMED, STEP)
20:44:50.162 INFO: [TadState] TAD state changed: DEBUG_RESUMED -> READY (SUSPENDED, STEP)
20:44:51.06 INFO: [TadState] TAD state changed: READY -> DEBUG_RESUMED (RESUMED, STEP)
20:44:51.31 INFO: [TadState] TAD state changed: DEBUG_RESUMED -> READY (SUSPENDED, STEP)
20:44:51.702 INFO: [TadState] TAD state changed: READY -> DEBUG_RESUMED (RESUMED, STEP)
20:44:51.729 INFO: [TadState] TAD state changed: DEBUG_RESUMED -> READY (SUSPENDED, STEP)
20:44:56.168 INFO: [TadState] TAD state changed: READY -> DEBUG_RESUMED (RESUMED, STEP)
20:44:56.513 INFO: [TadState] TAD state changed: DEBUG_RESUMED -> READY (SUSPENDED, STEP)
20:45:04.478 INFO: [TadState] TAD state changed: READY -> DEBUG_RESUMED (RESUMED, STEP)
20:45:04.503 INFO: [TadState] TAD state changed: DEBUG_RESUMED -> READY (SUSPENDED, STEP)
20:45:05.343 INFO: [TadState] TAD state changed: READY -> DEBUG_RESUMED (RESUMED, STEP)
20:45:05.660 INFO: [TadState] TAD state changed: DEBUG_RESUMED -> READY (SUSPENDED, STEP)
20:45:10.131 INFO: [TadState] TAD state changed: READY -> DEBUG_RESUMED (RESUMED, STEP)
20:45:10.158 INFO: [TadState] TAD state changed: DEBUG_RESUMED -> READY (SUSPENDED, STEP)
20:45:10.884 INFO: [TadState] TAD state changed: READY -> DEBUG_RESUMED (RESUMED, STEP)
20:45:10.917 INFO: [TadState] TAD state changed: DEBUG_RESUMED -> READY (SUSPENDED, STEP)
20:45:11.657 INFO: [TadState] TAD state changed: READY -> DEBUG_RESUMED (RESUMED, STEP)
20:45:11.684 INFO: [TadState] TAD state changed: DEBUG_RESUMED -> READY (SUSPENDED, STEP)
20:45:12.733 INFO: [TadState] TAD state changed: READY -> DEBUG_RESUMED (RESUMED, STEP)
20:45:12.777 INFO: [TadState] TAD state changed: DEBUG_RESUMED -> READY (SUSPENDED, STEP)
20:45:14.690 INFO: [TadState] TAD state changed: READY -> DEBUG_RESUMED (RESUMED, STEP)
20:45:14.717 INFO: [TadState] TAD state changed: DEBUG_RESUMED -> READY (SUSPENDED, STEP)
20:45:15.476 INFO: [TadState] TAD state changed: READY -> DEBUG_RESUMED (RESUMED, STEP)
20:45:15.483 INFO: [TadState] TAD state changed: DEBUG_RESUMED -> READY (SUSPENDED, STEP)
20:45:16.422 INFO: [TadState] TAD state changed: READY -> DEBUG_RESUMED (RESUMED, STEP)
20:45:16.444 INFO: [TadState] TAD state changed: DEBUG_RESUMED -> READY (SUSPENDED, STEP)
20:45:20.249 INFO: [TadState] TAD state changed: READY -> DEBUG_RESUMED (RESUMED, STEP)
20:45:20.752 INFO: [TadState] TAD state changed: DEBUG_RESUMED -> READY (SUSPENDED, STEP)
20:45:21.749 INFO: [TadState] TAD state changed: READY -> DEBUG_RESUMED (RESUMED, STEP)
20:45:21.772 INFO: [TadState] TAD state changed: DEBUG_RESUMED -> READY (SUSPENDED, STEP)
20:45:27.56 INFO: [TadState] TAD state changed: READY -> DEBUG_RESUMED (RESUMED, STEP)
20:45:27.90 INFO: [TadState] TAD state changed: DEBUG_RESUMED -> READY (SUSPENDED, STEP)
20:45:28.149 INFO: [TadState] TAD state changed: READY -> DEBUG_RESUMED (RESUMED, STEP)
20:45:42.22 INFO: [TadState] TAD state changed: DEBUG_RESUMED -> READY (SUSPENDED, SIGNAL)
20:45:59.584 INFO: [TadState] TAD state changed: READY -> DEBUG_RESUMED (RESUMED, STEP)
20:46:43.292 INFO: [TadState] TAD state changed: DEBUG_RESUMED -> READY (SUSPENDED, SIGNAL)
20:46:46.489 INFO: [TadState] TAD state changed: READY -> DEBUG_RESUMED (RESUMED, STEP)
20:46:46.512 INFO: [TadState] TAD state changed: DEBUG_RESUMED -> READY (SUSPENDED, STEP)
20:46:47.205 INFO: [TadState] TAD state changed: READY -> DEBUG_RESUMED (RESUMED, STEP)
20:46:47.282 INFO: [TadState] TAD state changed: DEBUG_RESUMED -> READY (SUSPENDED, STEP)
20:46:47.885 INFO: [TadState] TAD state changed: READY -> DEBUG_RESUMED (RESUMED, STEP)
20:46:47.908 INFO: [TadState] TAD state changed: DEBUG_RESUMED -> READY (SUSPENDED, STEP)
20:46:48.543 INFO: [TadState] TAD state changed: READY -> DEBUG_RESUMED (RESUMED, STEP)
20:46:48.592 INFO: [TadState] TAD state changed: DEBUG_RESUMED -> READY (SUSPENDED, STEP)
20:46:49.610 INFO: [TadState] TAD state changed: READY -> DEBUG_RESUMED (RESUMED, STEP)
20:46:49.638 INFO: [TadState] TAD state changed: DEBUG_RESUMED -> READY (SUSPENDED, STEP)
20:46:50.55 INFO: [TadState] TAD state changed: READY -> DEBUG_RESUMED (RESUMED, STEP)
20:46:50.84 INFO: [TadState] TAD state changed: DEBUG_RESUMED -> READY (SUSPENDED, STEP)
20:46:50.275 INFO: [TadState] TAD state changed: READY -> DEBUG_RESUMED (RESUMED, STEP)
20:46:50.302 INFO: [TadState] TAD state changed: DEBUG_RESUMED -> READY (SUSPENDED, STEP)
20:46:50.908 INFO: [TadState] TAD state changed: READY -> DEBUG_RESUMED (RESUMED, STEP)
20:46:50.938 INFO: [TadState] TAD state changed: DEBUG_RESUMED -> READY (SUSPENDED, STEP)
20:46:51.82 INFO: [TadState] TAD state changed: READY -> DEBUG_RESUMED (RESUMED, STEP)
20:46:51.108 INFO: [TadState] TAD state changed: DEBUG_RESUMED -> READY (SUSPENDED, STEP)
20:46:51.524 INFO: [TadState] TAD state changed: READY -> DEBUG_RESUMED (RESUMED, STEP)
20:46:51.567 INFO: [TadState] TAD state changed: DEBUG_RESUMED -> READY (SUSPENDED, STEP)
20:46:52.439 INFO: [TadState] TAD state changed: READY -> DEBUG_RESUMED (RESUMED, STEP)
20:46:52.508 INFO: [TadState] TAD state changed: DEBUG_RESUMED -> READY (SUSPENDED, STEP)
20:46:52.597 INFO: [TadState] TAD state changed: READY -> DEBUG_RESUMED (RESUMED, STEP)
20:46:52.625 INFO: [TadState] TAD state changed: DEBUG_RESUMED -> READY (SUSPENDED, STEP)
20:46:52.804 INFO: [TadState] TAD state changed: READY -> DEBUG_RESUMED (RESUMED, STEP)
20:46:52.832 INFO: [TadState] TAD state changed: DEBUG_RESUMED -> READY (SUSPENDED, STEP)
20:46:52.994 INFO: [TadState] TAD state changed: READY -> DEBUG_RESUMED (RESUMED, STEP)
20:46:53.21 INFO: [TadState] TAD state changed: DEBUG_RESUMED -> READY (SUSPENDED, STEP)
20:46:53.265 INFO: [TadState] TAD state changed: READY -> DEBUG_RESUMED (RESUMED, STEP)
20:46:53.292 INFO: [TadState] TAD state changed: DEBUG_RESUMED -> READY (SUSPENDED, STEP)
20:46:53.493 INFO: [TadState] TAD state changed: READY -> DEBUG_RESUMED (RESUMED, STEP)
20:46:53.524 INFO: [TadState] TAD state changed: DEBUG_RESUMED -> READY (SUSPENDED, STEP)
20:46:55.189 INFO: [TadState] TAD state changed: READY -> DEBUG_RESUMED (RESUMED, STEP)
20:46:55.234 INFO: [TadState] TAD state changed: DEBUG_RESUMED -> READY (SUSPENDED, STEP)
20:46:55.579 INFO: [TadState] TAD state changed: READY -> DEBUG_RESUMED (RESUMED, STEP)
20:46:55.648 INFO: [TadState] TAD state changed: DEBUG_RESUMED -> READY (SUSPENDED, STEP)
20:46:55.736 INFO: [TadState] TAD state changed: READY -> DEBUG_RESUMED (RESUMED, STEP)
20:46:55.764 INFO: [TadState] TAD state changed: DEBUG_RESUMED -> READY (SUSPENDED, STEP)
20:46:55.969 INFO: [TadState] TAD state changed: READY -> DEBUG_RESUMED (RESUMED, STEP)
20:46:55.997 INFO: [TadState] TAD state changed: DEBUG_RESUMED -> READY (SUSPENDED, STEP)
20:46:56.157 INFO: [TadState] TAD state changed: READY -> DEBUG_RESUMED (RESUMED, STEP)
20:46:56.191 INFO: [TadState] TAD state changed: DEBUG_RESUMED -> READY (SUSPENDED, STEP)
20:46:56.327 INFO: [TadState] TAD state changed: READY -> DEBUG_RESUMED (RESUMED, STEP)
20:46:56.353 INFO: [TadState] TAD state changed: DEBUG_RESUMED -> READY (SUSPENDED, STEP)
20:46:56.517 INFO: [TadState] TAD state changed: READY -> DEBUG_RESUMED (RESUMED, STEP)
20:46:56.551 INFO: [TadState] TAD state changed: DEBUG_RESUMED -> READY (SUSPENDED, STEP)
20:46:56.703 INFO: [TadState] TAD state changed: READY -> DEBUG_RESUMED (RESUMED, STEP)
20:46:56.752 INFO: [TadState] TAD state changed: DEBUG_RESUMED -> READY (SUSPENDED, STEP)
20:46:56.875 INFO: [TadState] TAD state changed: READY -> DEBUG_RESUMED (RESUMED, STEP)
20:46:56.957 INFO: [TadState] TAD state changed: DEBUG_RESUMED -> READY (SUSPENDED, STEP)
20:46:57.77 INFO: [TadState] TAD state changed: READY -> DEBUG_RESUMED (RESUMED, STEP)
20:46:57.104 INFO: [TadState] TAD state changed: DEBUG_RESUMED -> READY (SUSPENDED, STEP)
20:46:57.249 INFO: [TadState] TAD state changed: READY -> DEBUG_RESUMED (RESUMED, STEP)
20:46:57.278 INFO: [TadState] TAD state changed: DEBUG_RESUMED -> READY (SUSPENDED, STEP)
20:46:57.420 INFO: [TadState] TAD state changed: READY -> DEBUG_RESUMED (RESUMED, STEP)
20:46:57.449 INFO: [TadState] TAD state changed: DEBUG_RESUMED -> READY (SUSPENDED, STEP)
20:46:57.608 INFO: [TadState] TAD state changed: READY -> DEBUG_RESUMED (RESUMED, STEP)
20:46:57.639 INFO: [TadState] TAD state changed: DEBUG_RESUMED -> READY (SUSPENDED, STEP)
20:46:57.764 INFO: [TadState] TAD state changed: READY -> DEBUG_RESUMED (RESUMED, STEP)
20:46:57.790 INFO: [TadState] TAD state changed: DEBUG_RESUMED -> READY (SUSPENDED, STEP)
20:46:57.937 INFO: [TadState] TAD state changed: READY -> DEBUG_RESUMED (RESUMED, STEP)
20:46:58.01 INFO: [TadState] TAD state changed: DEBUG_RESUMED -> READY (SUSPENDED, STEP)
20:46:58.127 INFO: [TadState] TAD state changed: READY -> DEBUG_RESUMED (RESUMED, STEP)
20:46:58.200 INFO: [TadState] TAD state changed: DEBUG_RESUMED -> READY (SUSPENDED, STEP)
20:46:58.296 INFO: [TadState] TAD state changed: READY -> DEBUG_RESUMED (RESUMED, STEP)
20:46:58.325 INFO: [TadState] TAD state changed: DEBUG_RESUMED -> READY (SUSPENDED, STEP)
20:46:58.499 INFO: [TadState] TAD state changed: READY -> DEBUG_RESUMED (RESUMED, STEP)
20:46:58.543 INFO: [TadState] TAD state changed: DEBUG_RESUMED -> READY (SUSPENDED, STEP)
20:46:58.665 INFO: [TadState] TAD state changed: READY -> DEBUG_RESUMED (RESUMED, STEP)
20:46:58.698 INFO: [TadState] TAD state changed: DEBUG_RESUMED -> READY (SUSPENDED, STEP)
20:46:58.860 INFO: [TadState] TAD state changed: READY -> DEBUG_RESUMED (RESUMED, STEP)
20:46:58.895 INFO: [TadState] TAD state changed: DEBUG_RESUMED -> READY (SUSPENDED, STEP)
20:46:59.42 INFO: [TadState] TAD state changed: READY -> DEBUG_RESUMED (RESUMED, STEP)
20:46:59.67 INFO: [TadState] TAD state changed: DEBUG_RESUMED -> READY (SUSPENDED, STEP)
20:46:59.293 INFO: [TadState] TAD state changed: READY -> DEBUG_RESUMED (RESUMED, STEP)
20:46:59.339 INFO: [TadState] TAD state changed: DEBUG_RESUMED -> READY (SUSPENDED, STEP)
20:46:59.433 INFO: [TadState] TAD state changed: READY -> DEBUG_RESUMED (RESUMED, STEP)
20:46:59.500 INFO: [TadState] TAD state changed: DEBUG_RESUMED -> READY (SUSPENDED, STEP)
20:46:59.653 INFO: [TadState] TAD state changed: READY -> DEBUG_RESUMED (RESUMED, STEP)
20:46:59.687 INFO: [TadState] TAD state changed: DEBUG_RESUMED -> READY (SUSPENDED, STEP)
20:46:59.856 INFO: [TadState] TAD state changed: READY -> DEBUG_RESUMED (RESUMED, STEP)
20:46:59.896 INFO: [TadState] TAD state changed: DEBUG_RESUMED -> READY (SUSPENDED, STEP)
20:47:00.57 INFO: [TadState] TAD state changed: READY -> DEBUG_RESUMED (RESUMED, STEP)
20:47:00.85 INFO: [TadState] TAD state changed: DEBUG_RESUMED -> READY (SUSPENDED, STEP)
20:47:00.262 INFO: [TadState] TAD state changed: READY -> DEBUG_RESUMED (RESUMED, STEP)
20:47:00.298 INFO: [TadState] TAD state changed: DEBUG_RESUMED -> READY (SUSPENDED, STEP)
20:47:00.417 INFO: [TadState] TAD state changed: READY -> DEBUG_RESUMED (RESUMED, STEP)
20:47:00.450 INFO: [TadState] TAD state changed: DEBUG_RESUMED -> READY (SUSPENDED, STEP)
20:47:00.604 INFO: [TadState] TAD state changed: READY -> DEBUG_RESUMED (RESUMED, STEP)
20:47:00.650 INFO: [TadState] TAD state changed: DEBUG_RESUMED -> READY (SUSPENDED, STEP)
20:47:00.791 INFO: [TadState] TAD state changed: READY -> DEBUG_RESUMED (RESUMED, STEP)
20:47:00.857 INFO: [TadState] TAD state changed: DEBUG_RESUMED -> READY (SUSPENDED, STEP)
20:47:00.979 INFO: [TadState] TAD state changed: READY -> DEBUG_RESUMED (RESUMED, STEP)
20:47:01.07 INFO: [TadState] TAD state changed: DEBUG_RESUMED -> READY (SUSPENDED, STEP)
20:47:01.150 INFO: [TadState] TAD state changed: READY -> DEBUG_RESUMED (RESUMED, STEP)
20:47:01.181 INFO: [TadState] TAD state changed: DEBUG_RESUMED -> READY (SUSPENDED, STEP)
20:47:01.369 INFO: [TadState] TAD state changed: READY -> DEBUG_RESUMED (RESUMED, STEP)
20:47:01.408 INFO: [TadState] TAD state changed: DEBUG_RESUMED -> READY (SUSPENDED, STEP)
20:47:01.593 INFO: [TadState] TAD state changed: READY -> DEBUG_RESUMED (RESUMED, STEP)
20:47:01.622 INFO: [TadState] TAD state changed: DEBUG_RESUMED -> READY (SUSPENDED, STEP)
20:47:01.780 INFO: [TadState] TAD state changed: READY -> DEBUG_RESUMED (RESUMED, STEP)
20:47:01.808 INFO: [TadState] TAD state changed: DEBUG_RESUMED -> READY (SUSPENDED, STEP)
20:47:01.999 INFO: [TadState] TAD state changed: READY -> DEBUG_RESUMED (RESUMED, STEP)
20:47:02.47 INFO: [TadState] TAD state changed: DEBUG_RESUMED -> READY (SUSPENDED, STEP)
20:47:02.219 INFO: [TadState] TAD state changed: READY -> DEBUG_RESUMED (RESUMED, STEP)
20:47:02.285 INFO: [TadState] TAD state changed: DEBUG_RESUMED -> READY (SUSPENDED, STEP)
20:47:02.820 INFO: [TadState] TAD state changed: READY -> DEBUG_RESUMED (RESUMED, STEP)
20:47:02.854 INFO: [TadState] TAD state changed: DEBUG_RESUMED -> READY (SUSPENDED, STEP)
20:47:03.25 INFO: [TadState] TAD state changed: READY -> DEBUG_RESUMED (RESUMED, STEP)
20:47:03.55 INFO: [TadState] TAD state changed: DEBUG_RESUMED -> READY (SUSPENDED, STEP)
20:47:03.291 INFO: [TadState] TAD state changed: READY -> DEBUG_RESUMED (RESUMED, STEP)
20:47:03.319 INFO: [TadState] TAD state changed: DEBUG_RESUMED -> READY (SUSPENDED, STEP)
20:47:03.528 INFO: [TadState] TAD state changed: READY -> DEBUG_RESUMED (RESUMED, STEP)
20:47:03.558 INFO: [TadState] TAD state changed: DEBUG_RESUMED -> READY (SUSPENDED, STEP)
20:47:04.52 INFO: [TadState] TAD state changed: READY -> DEBUG_RESUMED (RESUMED, STEP)
20:47:04.78 INFO: [TadState] TAD state changed: DEBUG_RESUMED -> READY (SUSPENDED, STEP)
20:47:04.258 INFO: [TadState] TAD state changed: READY -> DEBUG_RESUMED (RESUMED, STEP)
20:47:04.303 INFO: [TadState] TAD state changed: DEBUG_RESUMED -> READY (SUSPENDED, STEP)
20:47:04.435 INFO: [TadState] TAD state changed: READY -> DEBUG_RESUMED (RESUMED, STEP)
20:47:04.509 INFO: [TadState] TAD state changed: DEBUG_RESUMED -> READY (SUSPENDED, STEP)
20:47:04.656 INFO: [TadState] TAD state changed: READY -> DEBUG_RESUMED (RESUMED, STEP)
20:47:04.684 INFO: [TadState] TAD state changed: DEBUG_RESUMED -> READY (SUSPENDED, STEP)
20:47:04.831 INFO: [TadState] TAD state changed: READY -> DEBUG_RESUMED (RESUMED, STEP)
20:47:04.863 INFO: [TadState] TAD state changed: DEBUG_RESUMED -> READY (SUSPENDED, STEP)
20:47:05.21 INFO: [TadState] TAD state changed: READY -> DEBUG_RESUMED (RESUMED, STEP)
20:47:05.72 INFO: [TadState] TAD state changed: DEBUG_RESUMED -> READY (SUSPENDED, STEP)
20:47:05.242 INFO: [TadState] TAD state changed: READY -> DEBUG_RESUMED (RESUMED, STEP)
20:47:05.278 INFO: [TadState] TAD state changed: DEBUG_RESUMED -> READY (SUSPENDED, STEP)
20:47:05.398 INFO: [TadState] TAD state changed: READY -> DEBUG_RESUMED (RESUMED, STEP)
20:47:05.423 INFO: [TadState] TAD state changed: DEBUG_RESUMED -> READY (SUSPENDED, STEP)
20:47:05.587 INFO: [TadState] TAD state changed: READY -> DEBUG_RESUMED (RESUMED, STEP)
20:47:05.632 INFO: [TadState] TAD state changed: DEBUG_RESUMED -> READY (SUSPENDED, STEP)
20:47:05.776 INFO: [TadState] TAD state changed: READY -> DEBUG_RESUMED (RESUMED, STEP)
20:47:05.845 INFO: [TadState] TAD state changed: DEBUG_RESUMED -> READY (SUSPENDED, STEP)
20:47:05.964 INFO: [TadState] TAD state changed: READY -> DEBUG_RESUMED (RESUMED, STEP)
20:47:05.992 INFO: [TadState] TAD state changed: DEBUG_RESUMED -> READY (SUSPENDED, STEP)
20:47:06.171 INFO: [TadState] TAD state changed: READY -> DEBUG_RESUMED (RESUMED, STEP)
20:47:06.203 INFO: [TadState] TAD state changed: DEBUG_RESUMED -> READY (SUSPENDED, STEP)
20:47:06.329 INFO: [TadState] TAD state changed: READY -> DEBUG_RESUMED (RESUMED, STEP)
20:47:06.359 INFO: [TadState] TAD state changed: DEBUG_RESUMED -> READY (SUSPENDED, STEP)
20:47:06.532 INFO: [TadState] TAD state changed: READY -> DEBUG_RESUMED (RESUMED, STEP)
20:47:06.571 INFO: [TadState] TAD state changed: DEBUG_RESUMED -> READY (SUSPENDED, STEP)
20:47:06.706 INFO: [TadState] TAD state changed: READY -> DEBUG_RESUMED (RESUMED, STEP)
20:47:06.740 INFO: [TadState] TAD state changed: DEBUG_RESUMED -> READY (SUSPENDED, STEP)
20:47:06.865 INFO: [TadState] TAD state changed: READY -> DEBUG_RESUMED (RESUMED, STEP)
20:47:06.909 INFO: [TadState] TAD state changed: DEBUG_RESUMED -> READY (SUSPENDED, STEP)
20:47:07.38 INFO: [TadState] TAD state changed: READY -> DEBUG_RESUMED (RESUMED, STEP)
20:47:07.103 INFO: [TadState] TAD state changed: DEBUG_RESUMED -> READY (SUSPENDED, STEP)
20:47:07.258 INFO: [TadState] TAD state changed: READY -> DEBUG_RESUMED (RESUMED, STEP)
20:47:07.286 INFO: [TadState] TAD state changed: DEBUG_RESUMED -> READY (SUSPENDED, STEP)
20:47:07.415 INFO: [TadState] TAD state changed: READY -> DEBUG_RESUMED (RESUMED, STEP)
20:47:07.444 INFO: [TadState] TAD state changed: DEBUG_RESUMED -> READY (SUSPENDED, STEP)
20:47:07.620 INFO: [TadState] TAD state changed: READY -> DEBUG_RESUMED (RESUMED, STEP)
20:47:07.661 INFO: [TadState] TAD state changed: DEBUG_RESUMED -> READY (SUSPENDED, STEP)
20:47:07.778 INFO: [TadState] TAD state changed: READY -> DEBUG_RESUMED (RESUMED, STEP)
20:47:07.808 INFO: [TadState] TAD state changed: DEBUG_RESUMED -> READY (SUSPENDED, STEP)
20:47:07.937 INFO: [TadState] TAD state changed: READY -> DEBUG_RESUMED (RESUMED, STEP)
20:47:07.963 INFO: [TadState] TAD state changed: DEBUG_RESUMED -> READY (SUSPENDED, STEP)
20:47:08.146 INFO: [TadState] TAD state changed: READY -> DEBUG_RESUMED (RESUMED, STEP)
20:47:08.194 INFO: [TadState] TAD state changed: DEBUG_RESUMED -> READY (SUSPENDED, STEP)
20:47:08.333 INFO: [TadState] TAD state changed: READY -> DEBUG_RESUMED (RESUMED, STEP)
20:47:08.416 INFO: [TadState] TAD state changed: DEBUG_RESUMED -> READY (SUSPENDED, STEP)
20:47:08.517 INFO: [TadState] TAD state changed: READY -> DEBUG_RESUMED (RESUMED, STEP)
20:47:08.545 INFO: [TadState] TAD state changed: DEBUG_RESUMED -> READY (SUSPENDED, STEP)
20:47:08.686 INFO: [TadState] TAD state changed: READY -> DEBUG_RESUMED (RESUMED, STEP)
20:47:08.718 INFO: [TadState] TAD state changed: DEBUG_RESUMED -> READY (SUSPENDED, STEP)
20:47:08.870 INFO: [TadState] TAD state changed: READY -> DEBUG_RESUMED (RESUMED, STEP)
20:47:08.901 INFO: [TadState] TAD state changed: DEBUG_RESUMED -> READY (SUSPENDED, STEP)
20:47:09.74 INFO: [TadState] TAD state changed: READY -> DEBUG_RESUMED (RESUMED, STEP)
20:47:09.105 INFO: [TadState] TAD state changed: DEBUG_RESUMED -> READY (SUSPENDED, STEP)
20:47:09.261 INFO: [TadState] TAD state changed: READY -> DEBUG_RESUMED (RESUMED, STEP)
20:47:09.288 INFO: [TadState] TAD state changed: DEBUG_RESUMED -> READY (SUSPENDED, STEP)
20:47:09.432 INFO: [TadState] TAD state changed: READY -> DEBUG_RESUMED (RESUMED, STEP)
20:47:09.480 INFO: [TadState] TAD state changed: DEBUG_RESUMED -> READY (SUSPENDED, STEP)
20:47:09.620 INFO: [TadState] TAD state changed: READY -> DEBUG_RESUMED (RESUMED, STEP)
20:47:09.690 INFO: [TadState] TAD state changed: DEBUG_RESUMED -> READY (SUSPENDED, STEP)
20:47:09.867 INFO: [TadState] TAD state changed: READY -> DEBUG_RESUMED (RESUMED, STEP)
20:47:09.894 INFO: [TadState] TAD state changed: DEBUG_RESUMED -> READY (SUSPENDED, STEP)
20:47:10.70 INFO: [TadState] TAD state changed: READY -> DEBUG_RESUMED (RESUMED, STEP)
20:47:10.104 INFO: [TadState] TAD state changed: DEBUG_RESUMED -> READY (SUSPENDED, STEP)
20:47:10.244 INFO: [TadState] TAD state changed: READY -> DEBUG_RESUMED (RESUMED, STEP)
20:47:10.279 INFO: [TadState] TAD state changed: DEBUG_RESUMED -> READY (SUSPENDED, STEP)
20:47:10.432 INFO: [TadState] TAD state changed: READY -> DEBUG_RESUMED (RESUMED, STEP)
20:47:10.464 INFO: [TadState] TAD state changed: DEBUG_RESUMED -> READY (SUSPENDED, STEP)
20:47:10.654 INFO: [TadState] TAD state changed: READY -> DEBUG_RESUMED (RESUMED, STEP)
20:47:10.683 INFO: [TadState] TAD state changed: DEBUG_RESUMED -> READY (SUSPENDED, STEP)
20:47:17.575 INFO: [TadState] TAD state changed: READY -> DEBUG_RESUMED (RESUMED, STEP)
20:47:56.910 INFO: [TadModel] DSF session ID 7 has ended.
